#! /usr/bin/vvp
:ivl_version "12.0 (stable)";
:ivl_delay_selection "TYPICAL";
:vpi_time_precision + 0;
:vpi_module "/usr/lib64/ivl/system.vpi";
:vpi_module "/usr/lib64/ivl/vhdl_sys.vpi";
:vpi_module "/usr/lib64/ivl/vhdl_textio.vpi";
:vpi_module "/usr/lib64/ivl/v2005_math.vpi";
:vpi_module "/usr/lib64/ivl/va_math.vpi";
S_0x55940e158530 .scope module, "adder" "adder" 2 1;
 .timescale 0 0;
    .port_info 0 /INPUT 32 "a";
    .port_info 1 /INPUT 32 "b";
    .port_info 2 /OUTPUT 32 "out";
o0x7ff95b980018 .functor BUFZ 32, C4<zzzzzzzzzzzzzzzzzzzzzzzzzzzzzzzz>; HiZ drive
v0x55940e159ac0_0 .net "a", 31 0, o0x7ff95b980018;  0 drivers
o0x7ff95b980048 .functor BUFZ 32, C4<zzzzzzzzzzzzzzzzzzzzzzzzzzzzzzzz>; HiZ drive
v0x55940e159f60_0 .net "b", 31 0, o0x7ff95b980048;  0 drivers
v0x55940e19ec10_0 .net "out", 31 0, L_0x55940e19ed50;  1 drivers
L_0x55940e19ed50 .arith/sum 32, o0x7ff95b980018, o0x7ff95b980048;
# The file index is used to find the file name in the following table.
:file_names 3;
    "N/A";
    "<interactive>";
    "adder.v";
