#! /usr/bin/vvp
:ivl_version "12.0 (stable)";
:ivl_delay_selection "TYPICAL";
:vpi_time_precision + 0;
:vpi_module "/usr/lib64/ivl/system.vpi";
:vpi_module "/usr/lib64/ivl/vhdl_sys.vpi";
:vpi_module "/usr/lib64/ivl/vhdl_textio.vpi";
:vpi_module "/usr/lib64/ivl/v2005_math.vpi";
:vpi_module "/usr/lib64/ivl/va_math.vpi";
S_0x561f10160820 .scope module, "tb_extend" "tb_extend" 2 1;
 .timescale 0 0;
v0x561f10188660_0 .net "ImmExt", 31 0, v0x561f101376c0_0;  1 drivers
v0x561f10188750_0 .var "ImmSrc", 1 0;
v0x561f10188820_0 .var "instr", 31 0;
S_0x561f10137470 .scope module, "uut" "extend" 2 9, 3 1 0, S_0x561f10160820;
 .timescale 0 0;
    .port_info 0 /INPUT 32 "instr";
    .port_info 1 /INPUT 2 "ImmSrc";
    .port_info 2 /OUTPUT 32 "ImmExt";
v0x561f101376c0_0 .var "ImmExt", 31 0;
v0x561f10188440_0 .net "ImmSrc", 1 0, v0x561f10188750_0;  1 drivers
v0x561f10188520_0 .net "instr", 31 0, v0x561f10188820_0;  1 drivers
E_0x561f10174000 .event anyedge, v0x561f10188440_0, v0x561f10188520_0;
    .scope S_0x561f10137470;
T_0 ;
    %wait E_0x561f10174000;
    %load/vec4 v0x561f10188440_0;
    %dup/vec4;
    %pushi/vec4 0, 0, 2;
    %cmp/u;
    %jmp/1 T_0.0, 6;
    %dup/vec4;
    %pushi/vec4 1, 0, 2;
    %cmp/u;
    %jmp/1 T_0.1, 6;
    %dup/vec4;
    %pushi/vec4 2, 0, 2;
    %cmp/u;
    %jmp/1 T_0.2, 6;
    %pushi/vec4 0, 0, 32;
    %store/vec4 v0x561f101376c0_0, 0, 32;
    %jmp T_0.4;
T_0.0 ;
    %load/vec4 v0x561f10188520_0;
    %parti/s 1, 31, 6;
    %replicate 20;
    %load/vec4 v0x561f10188520_0;
    %parti/s 12, 20, 6;
    %concat/vec4; draw_concat_vec4
    %store/vec4 v0x561f101376c0_0, 0, 32;
    %jmp T_0.4;
T_0.1 ;
    %load/vec4 v0x561f10188520_0;
    %parti/s 1, 31, 6;
    %replicate 20;
    %load/vec4 v0x561f10188520_0;
    %parti/s 7, 25, 6;
    %concat/vec4; draw_concat_vec4
    %load/vec4 v0x561f10188520_0;
    %parti/s 5, 7, 4;
    %concat/vec4; draw_concat_vec4
    %store/vec4 v0x561f101376c0_0, 0, 32;
    %jmp T_0.4;
T_0.2 ;
    %load/vec4 v0x561f10188520_0;
    %parti/s 1, 31, 6;
    %replicate 12;
    %load/vec4 v0x561f10188520_0;
    %parti/s 8, 12, 5;
    %concat/vec4; draw_concat_vec4
    %load/vec4 v0x561f10188520_0;
    %parti/s 1, 20, 6;
    %concat/vec4; draw_concat_vec4
    %load/vec4 v0x561f10188520_0;
    %parti/s 10, 21, 6;
    %concat/vec4; draw_concat_vec4
    %concati/vec4 0, 0, 1;
    %store/vec4 v0x561f101376c0_0, 0, 32;
    %jmp T_0.4;
T_0.4 ;
    %pop/vec4 1;
    %jmp T_0;
    .thread T_0, $push;
    .scope S_0x561f10160820;
T_1 ;
    %pushi/vec4 0, 0, 32;
    %store/vec4 v0x561f10188820_0, 0, 32;
    %pushi/vec4 0, 0, 2;
    %store/vec4 v0x561f10188750_0, 0, 2;
    %delay 10, 0;
    %pushi/vec4 4294963200, 0, 32;
    %store/vec4 v0x561f10188820_0, 0, 32;
    %pushi/vec4 0, 0, 2;
    %store/vec4 v0x561f10188750_0, 0, 2;
    %delay 10, 0;
    %vpi_call 2 28 "$display", "Test case 1: ImmSrc = %b, Instr = %h, ImmExt = %h", v0x561f10188750_0, v0x561f10188820_0, v0x561f10188660_0 {0 0 0};
    %pushi/vec4 4278255360, 0, 32;
    %store/vec4 v0x561f10188820_0, 0, 32;
    %pushi/vec4 1, 0, 2;
    %store/vec4 v0x561f10188750_0, 0, 2;
    %delay 10, 0;
    %vpi_call 2 34 "$display", "Test case 2: ImmSrc = %b, Instr = %h, ImmExt = %h", v0x561f10188750_0, v0x561f10188820_0, v0x561f10188660_0 {0 0 0};
    %pushi/vec4 4294963491, 0, 32;
    %store/vec4 v0x561f10188820_0, 0, 32;
    %pushi/vec4 2, 0, 2;
    %store/vec4 v0x561f10188750_0, 0, 2;
    %delay 10, 0;
    %vpi_call 2 40 "$display", "Test case 3: ImmSrc = %b, Instr = %h, ImmExt = %h", v0x561f10188750_0, v0x561f10188820_0, v0x561f10188660_0 {0 0 0};
    %pushi/vec4 3, 0, 2;
    %store/vec4 v0x561f10188750_0, 0, 2;
    %delay 10, 0;
    %vpi_call 2 45 "$display", "Test case 4: ImmSrc = %b, Instr = %h, ImmExt = %h", v0x561f10188750_0, v0x561f10188820_0, v0x561f10188660_0 {0 0 0};
    %vpi_call 2 48 "$finish" {0 0 0};
    %end;
    .thread T_1;
# The file index is used to find the file name in the following table.
:file_names 4;
    "N/A";
    "<interactive>";
    "extend_tb.v";
    "extend.v";
