#! /usr/bin/vvp
:ivl_version "12.0 (stable)";
:ivl_delay_selection "TYPICAL";
:vpi_time_precision + 0;
:vpi_module "/usr/lib64/ivl/system.vpi";
:vpi_module "/usr/lib64/ivl/vhdl_sys.vpi";
:vpi_module "/usr/lib64/ivl/vhdl_textio.vpi";
:vpi_module "/usr/lib64/ivl/v2005_math.vpi";
:vpi_module "/usr/lib64/ivl/va_math.vpi";
S_0x55867362b550 .scope module, "data_memory" "data_memory" 2 1;
 .timescale 0 0;
    .port_info 0 /INPUT 32 "A";
    .port_info 1 /INPUT 32 "WD";
    .port_info 2 /INPUT 1 "WE";
    .port_info 3 /INPUT 1 "clk";
    .port_info 4 /OUTPUT 32 "RD";
o0x7f1e31980018 .functor BUFZ 32, C4<zzzzzzzzzzzzzzzzzzzzzzzzzzzzzzzz>; HiZ drive
v0x55867362cf60_0 .net "A", 31 0, o0x7f1e31980018;  0 drivers
v0x5586736736a0_0 .var "RD", 31 0;
o0x7f1e31980078 .functor BUFZ 32, C4<zzzzzzzzzzzzzzzzzzzzzzzzzzzzzzzz>; HiZ drive
v0x558673673780_0 .net "WD", 31 0, o0x7f1e31980078;  0 drivers
o0x7f1e319800a8 .functor BUFZ 1, C4<z>; HiZ drive
v0x558673673870_0 .net "WE", 0 0, o0x7f1e319800a8;  0 drivers
o0x7f1e319800d8 .functor BUFZ 1, C4<z>; HiZ drive
v0x558673673930_0 .net "clk", 0 0, o0x7f1e319800d8;  0 drivers
v0x558673673a40 .array "register", 0 31, 31 0;
E_0x5586736644c0 .event posedge, v0x558673673930_0;
    .scope S_0x55867362b550;
T_0 ;
    %wait E_0x5586736644c0;
    %load/vec4 v0x558673673870_0;
    %flag_set/vec4 8;
    %jmp/0xz  T_0.0, 8;
    %load/vec4 v0x558673673780_0;
    %ix/getv 3, v0x55867362cf60_0;
    %ix/load 4, 0, 0; Constant delay
    %assign/vec4/a/d v0x558673673a40, 0, 4;
    %jmp T_0.1;
T_0.0 ;
    %ix/getv 4, v0x55867362cf60_0;
    %load/vec4a v0x558673673a40, 4;
    %assign/vec4 v0x5586736736a0_0, 0;
T_0.1 ;
    %jmp T_0;
    .thread T_0;
# The file index is used to find the file name in the following table.
:file_names 3;
    "N/A";
    "<interactive>";
    "data_memory.v";
